<?xml version="1.0" encoding="UTF-8"?>
<testsuite xmlns:xsi="http://www.w3.org/2001/XMLSchema-instance" xsi:noNamespaceSchemaLocation="https://maven.apache.org/surefire/maven-surefire-plugin/xsd/surefire-test-report.xsd" name="com.convocraft.GeneratedTestsSuite" time="0.04" tests="9" errors="0" skipped="0" failures="0">
  <properties>
[...]
</properties>
  <testcase name="sourceFilesExistInProjectTree" classname="com.convocraft.GeneratedTestsSuite$UnitTests" time="0.003"/>
  <testcase name="badWordsResourceExistsAndNotEmpty" classname="com.convocraft.GeneratedTestsSuite$UnitTests" time="0.005"/>
  <testcase name="appClassIsPackaged" classname="com.convocraft.GeneratedTestsSuite$UnitTests" time="0.001"/>
  <testcase name="profanityFilterClassFilePresent" classname="com.convocraft.GeneratedTestsSuite$IntegrationTests" time="0.001"/>
  <testcase name="eitherSourceOrClassForProfanityFilterAvailable" classname="com.convocraft.GeneratedTestsSuite$IntegrationTests" time="0.001"/>
  <testcase name="keyClassesArePresent" classname="com.convocraft.GeneratedTestsSuite$IntegrationTests" time="0.002"/>
  <testcase name="appHasMainMethodSignature" classname="com.convocraft.GeneratedTestsSuite$SystemTests" time="0.001"/>
  <testcase name="testProjectStructureStable" classname="com.convocraft.GeneratedTestsSuite$SystemTests" time="0"/>
  <testcase name="nativeLibrariesPresentAndReasonableSize" classname="com.convocraft.GeneratedTestsSuite$SystemTests" time="0.002"/>
</testsuite>